<?xml version="1.0" encoding="UTF-8"?>
<!-- Generated by org.testng.reporters.JUnitReportReporter -->
<testsuite hostname="ALC-JPMY2D3" failures="0" tests="1" name="PositiveTests" time="8.276" errors="0" timestamp="2022-05-18T14:11:30 CEST" skipped="0">
  <testcase classname="PositiveTests" name="loginTest" time="8.276"/>
  <system-out/>
</testsuite> <!-- PositiveTests -->
